[DRY-RUN] Planned jobs:
  - src/lerobot/scripts/train_config/act_fr3_ot_99_20_test.json -> outputs/train/loop_1767169919/00_act_fr3_ot_99_20_test_ru1g on cpu for 20000 steps
=== Round 1/1 ===
[slot 0] accelerate launch --num_processes 1 src/lerobot/scripts/lerobot_train.py --config_path=src/lerobot/scripts/train_config/act_fr3_ot_99_20_test.json --steps=20000 --log_freq=50 --eval_freq=50 --output_dir=outputs/train/loop_1767169919/00_act_fr3_ot_99_20_test_ru1g --policy.device=cpu --wandb.mode=offline --wandb.enable=true --wandb.disable_artifact=true
[DRY-RUN] Planned jobs:
  - src/lerobot/scripts/train_config -> outputs/train/loop_1767171451/00_train_config_io5t on cpu for 2000 steps
=== Round 1/1 ===
[slot 0] accelerate launch --num_processes 1 src/lerobot/scripts/lerobot_train.py --config_path=src/lerobot/scripts/train_config --steps=2000 --log_freq=50 --eval_freq=200 --output_dir=outputs/train/loop_1767171451/00_train_config_io5t --policy.device=cpu --wandb.mode=offline --wandb.enable=true --wandb.disable_artifact=true
[DRY-RUN] Planned jobs:
  - src/lerobot/scripts/train_config/act_fr3_ot_99_20_w8_tau1_reg02_lambda012_action002_sharp05_topk20_calA_calA2d_p2_lambda012_long200k.json -> outputs/train/loop_1767171493/00_act_fr3_ot_99_20_w8_tau1_reg02_lambda012_action002_sharp05_topk20_calA_calA2d_p2_lambda012_long200k_5mb8 on cpu for 200000 steps
=== Round 1/1 ===
[slot 0] accelerate launch --num_processes 1 src/lerobot/scripts/lerobot_train.py --config_path=src/lerobot/scripts/train_config/act_fr3_ot_99_20_w8_tau1_reg02_lambda012_action002_sharp05_topk20_calA_calA2d_p2_lambda012_long200k.json --steps=200000 --log_freq=200 --eval_freq=2000 --output_dir=outputs/train/loop_1767171493/00_act_fr3_ot_99_20_w8_tau1_reg02_lambda012_action002_sharp05_topk20_calA_calA2d_p2_lambda012_long200k_5mb8 --policy.device=cpu --wandb.mode=offline --wandb.enable=true --wandb.disable_artifact=true
[DRY-RUN] Planned jobs:
  - src/lerobot/scripts/train_config/act_fr3_ot_99_20_balanced_w8_sharp075_tau1_reg015_lambda014_action015.json -> outputs/train/loop_1767172361/00_act_fr3_ot_99_20_balanced_w8_sharp075_tau1_reg015_lambda014_action015_lepu on cpu for 2000 steps
  - src/lerobot/scripts/train_config/act_fr3_ot_99_20_align_w0_tau05_reg015_lambda018_action003.json -> outputs/train/loop_1767172361/01_act_fr3_ot_99_20_align_w0_tau05_reg015_lambda018_action003_lepu on cpu for 2000 steps
  - src/lerobot/scripts/train_config/act_fr3_ot_99_20_next_nowindow_tau2_reg015_lambda015_action001.json -> outputs/train/loop_1767172361/02_act_fr3_ot_99_20_next_nowindow_tau2_reg015_lambda015_action001_lepu on cpu for 2000 steps
  - src/lerobot/scripts/train_config/act_fr3_ot_99_20_next_w6_sharp1_lambda016_action001.json -> outputs/train/loop_1767172361/03_act_fr3_ot_99_20_next_w6_sharp1_lambda016_action001_lepu on cpu for 2000 steps
  - src/lerobot/scripts/train_config/act_fr3_ot_99_20_light_w12_tau025_lambda008_action0005.json -> outputs/train/loop_1767172361/04_act_fr3_ot_99_20_light_w12_tau025_lambda008_action0005_lepu on cpu for 2000 steps
  - src/lerobot/scripts/train_config/act_fr3_ot_99_20_w8_tau1_reg02_lambda012_action002_sharp05_topk20.json -> outputs/train/loop_1767172361/05_act_fr3_ot_99_20_w8_tau1_reg02_lambda012_action002_sharp05_topk20_lepu on cpu for 2000 steps
=== Round 1/1 ===
[slot 0] accelerate launch --num_processes 1 src/lerobot/scripts/lerobot_train.py --config_path=src/lerobot/scripts/train_config/act_fr3_ot_99_20_balanced_w8_sharp075_tau1_reg015_lambda014_action015.json --steps=2000 --log_freq=50 --eval_freq=200 --output_dir=outputs/train/loop_1767172361/00_act_fr3_ot_99_20_balanced_w8_sharp075_tau1_reg015_lambda014_action015_lepu --policy.device=cpu --wandb.mode=offline --wandb.enable=true --wandb.disable_artifact=true
